{"id":"4680622","title":"Moby: Location Sharing App coded by teens (their first app)","url":"http:\/\/mo.by","domain":"mo.by","score":"19","timeStamp":1350852121,"position":1}
{"id":"4679939","title":"Guerrilla guide to CNC machining, mold making, and resin casting","url":"http:\/\/lcamtuf.coredump.cx\/gcnc\/","domain":"coredump.cx","score":"132","timeStamp":1350852121,"position":2}
{"id":"4679801","title":"Restoration of defocused and blurred images","url":"http:\/\/yuzhikov.com\/articles\/BlurredImagesRestoration1.htm","domain":"yuzhikov.com","score":"167","timeStamp":1350852121,"position":3}
{"id":"4679864","title":"When A Daughter Dies","url":"http:\/\/www.freakonomics.com\/2012\/10\/16\/when-a-daughter-dies\/","domain":"freakonomics.com","score":"134","timeStamp":1350852121,"position":4}
{"id":"4679954","title":"Salesforce will hire 40-50 Postgres people","url":"http:\/\/archives.postgresql.org\/pgsql-jobs\/2012-10\/msg00003.php","domain":"postgresql.org","score":"59","timeStamp":1350852121,"position":5}
{"id":"4679933","title":"Jq - a lightweight and flexible command-line JSON processor","url":"http:\/\/stedolan.github.com\/jq\/","domain":"github.com","score":"63","timeStamp":1350852121,"position":6}
{"id":"4680223","title":"CssConsole - easily make terminal-styled forms","url":"https:\/\/github.com\/michalkow\/cssConsole","domain":"github.com","score":"24","timeStamp":1350852121,"position":7}
{"id":"4680486","title":"DIY lab equipment, courtesy of 3D printing","url":"http:\/\/arstechnica.com\/science\/2012\/09\/diy-lab-equipment-courtesy-of-3d-printing\/","domain":"arstechnica.com","score":"11","timeStamp":1350852121,"position":8}
{"id":"4679756","title":"Sorting 1 million 8-digit decimal numbers in 1MB of RAM ","url":"http:\/\/stackoverflow.com\/questions\/12748246\/sorting-numbers-in-ram","domain":"stackoverflow.com","score":"66","timeStamp":1350852121,"position":9}
{"id":"4680315","title":"Free TrueCrypt Hard Drive Password Cracking","url":"http:\/\/16s.us\/TCHead\/cracked\/","domain":"16s.us","score":"16","timeStamp":1350852121,"position":10}
{"id":"4679906","title":"NIST may not have you in mind","url":"http:\/\/www.imperialviolet.org\/2012\/10\/21\/nist.html","domain":"imperialviolet.org","score":"39","timeStamp":1350852121,"position":11}
{"id":"4680311","title":"Show HN: LESS mixins to create golden ratio grids with Bootstrap","url":"http:\/\/phildionne.github.com\/golden-bootstrap\/","domain":"github.com","score":"16","timeStamp":1350852121,"position":12}
{"id":"4680368","title":"My problem with computer science pseudocode","url":"http:\/\/beauty-of-imagination.blogspot.co.uk\/2012\/10\/my-problem-with-computer-science-pseudo.html","domain":"beauty-of-imagination.blogspot.co.uk","score":"12","timeStamp":1350852121,"position":13}
{"id":"4680282","title":"Pirate Bay Power Usage Equivalent to a Vacuum Cleaner","url":"http:\/\/torrentfreak.com\/pirate-bay-power-usage-equivalent-to-a-vacuum-cleaner-121021\/","domain":"torrentfreak.com","score":"15","timeStamp":1350852121,"position":14}
{"id":"4680178","title":"Interspecies Pair (Purr) Programming","url":"http:\/\/www.polyglotprogramminginc.com\/purr-programming-2-0\/","domain":"polyglotprogramminginc.com","score":"36","timeStamp":1350852121,"position":15}
{"id":"4680641","title":"How To Use The HTML5 Notification API","url":"http:\/\/www.paulund.co.uk\/html5-notifications","domain":"paulund.co.uk","score":"4","timeStamp":1350852121,"position":16}
{"id":"4680171","title":"Microsoft\/Oracle\/Nokia sponsored Fairsearcheurope - anti Google FUD","url":"http:\/\/www.fairsearcheurope.eu\/trustnomore\/?utm_source=ipm&utm_medium=ron-bln&utm_content=300x600&utm_campaign=fs-tn","domain":"fairsearcheurope.eu","score":"17","timeStamp":1350852121,"position":17}
{"id":"4680693","title":"How TechCrunch must change to stay relevant to the startup community","url":"http:\/\/quibb.com\/links\/how-techcrunch-must-change-to-stay-relevant-to-the-startup-community","domain":"quibb.com","score":"3","timeStamp":1350852121,"position":18}
{"id":"4679688","title":"Meet the Company Hijacking New York Times Ad Revenue","url":"http:\/\/www.theatlanticwire.com\/technology\/2012\/10\/meet-company-hijacking-new-york-times-ad-revenue\/58147\/","domain":"theatlanticwire.com","score":"46","timeStamp":1350852121,"position":19}
{"id":"4679794","title":"Don\u00e2\u0080\u0099t believe the Silicon Valley hype","url":"http:\/\/venturebeat.com\/2012\/10\/20\/dont-believe-the-hype-silicon-valley-is-not-the-be-all-end-all-for-tech-companies\/","domain":"venturebeat.com","score":"34","timeStamp":1350852121,"position":20}
{"id":"4680515","title":"Dancer.js : A high-level audio JavaScript API","url":"http:\/\/www.jqueryrain.com\/2012\/10\/dancer-js-a-high-level-audio-javascript-api\/","domain":"jqueryrain.com","score":"5","timeStamp":1350852121,"position":21}
{"id":"4679782","title":"Google\u00e2\u0080\u0099s Crystal Ball ","url":"http:\/\/campaignstops.blogs.nytimes.com\/2012\/10\/20\/googles-crystal-ball\/","domain":"campaignstops.blogs.nytimes.com","score":"24","timeStamp":1350852121,"position":22}
{"id":"4680429","title":"Hacking the Dropbox Space Race","url":"http:\/\/blog.burtonthird.com\/?p=81","domain":"burtonthird.com","score":"11","timeStamp":1350852121,"position":23}
{"id":"4679365","title":"How the CIA Used a Fake Sci-Fi Flick to Rescue Americans From Tehran (2007) ","url":"http:\/\/www.wired.com\/magazine\/2007\/04\/feat_cia\/","domain":"wired.com","score":"117","timeStamp":1350852121,"position":24}
{"id":"4679834","title":"Revealed: Everything Google Will Unveil at its Oct. 29 Android Event","url":"http:\/\/thenextweb.com\/google\/2012\/10\/21\/revealed-everything-that-google-will-announce-at-its-android-event-on-october-29\/","domain":"thenextweb.com","score":"19","timeStamp":1350852121,"position":25}
{"id":"4679819","title":"Don't just scratch an itch","url":"http:\/\/builtfromsource.com\/blog\/2012\/10\/13\/dont-just-scratch-an-itch\/","domain":"builtfromsource.com","score":"19","timeStamp":1350852121,"position":26}
{"id":"4679334","title":"Ways to Learn to Program Online","url":"http:\/\/thenextweb.com\/dd\/2012\/10\/21\/so-you-want-to-be-a-programmer-huh-heres-25-ways-to-learn-online\/","domain":"thenextweb.com","score":"57","timeStamp":1350852121,"position":27}
{"id":"4679621","title":"Kane Kramer is credited with inventing the digital audio player in 1979","url":"http:\/\/en.wikipedia.org\/wiki\/Kane_Kramer","domain":"wikipedia.org","score":"62","timeStamp":1350852121,"position":28}
{"id":"4679615","title":"How We Fight - Cofounders in Love and War","url":"http:\/\/steveblank.com\/2012\/10\/21\/how-we-fight-cofounders-in-love-and-war\/","domain":"steveblank.com","score":"26","timeStamp":1350852121,"position":29}
